CRITICAL - 2022-05-30 00:37:40 --> Undefined variable $usuario
#0 C:\xampp8\htdocs\smartway\app\Views\clientes\clientes_list.php(22): CodeIgniter\Debug\Exceptions->errorHandler(2, 'Undefined varia...', 'C:\\xampp8\\htdoc...', 22)
#1 C:\xampp8\htdocs\smartway\system\View\View.php(210): include('C:\\xampp8\\htdoc...')
#2 C:\xampp8\htdocs\smartway\system\View\View.php(213): CodeIgniter\View\View->CodeIgniter\View\{closure}()
#3 C:\xampp8\htdocs\smartway\system\Common.php(1089): CodeIgniter\View\View->render('clientes/client...', Array, true)
#4 C:\xampp8\htdocs\smartway\app\Controllers\ClientesController.php(14): view('clientes/client...', Array)
#5 C:\xampp8\htdocs\smartway\system\CodeIgniter.php(832): App\Controllers\ClientesController->index()
#6 C:\xampp8\htdocs\smartway\system\CodeIgniter.php(419): CodeIgniter\CodeIgniter->runController(Object(App\Controllers\ClientesController))
#7 C:\xampp8\htdocs\smartway\system\CodeIgniter.php(326): CodeIgniter\CodeIgniter->handleRequest(NULL, Object(Config\Cache), false)
#8 C:\xampp8\htdocs\smartway\public\index.php(37): CodeIgniter\CodeIgniter->run()
#9 {main}
CRITICAL - 2022-05-30 00:39:20 --> Invalid file: clientes/clientes_create.php
#0 C:\xampp8\htdocs\smartway\system\View\View.php(198): CodeIgniter\Exceptions\FrameworkException::forInvalidFile('clientes/client...')
#1 C:\xampp8\htdocs\smartway\system\Common.php(1089): CodeIgniter\View\View->render('clientes/client...', Array, true)
#2 C:\xampp8\htdocs\smartway\app\Controllers\ClientesController.php(20): view('clientes/client...', Array)
#3 C:\xampp8\htdocs\smartway\system\CodeIgniter.php(832): App\Controllers\ClientesController->crearCliente()
#4 C:\xampp8\htdocs\smartway\system\CodeIgniter.php(419): CodeIgniter\CodeIgniter->runController(Object(App\Controllers\ClientesController))
#5 C:\xampp8\htdocs\smartway\system\CodeIgniter.php(326): CodeIgniter\CodeIgniter->handleRequest(NULL, Object(Config\Cache), false)
#6 C:\xampp8\htdocs\smartway\public\index.php(37): CodeIgniter\CodeIgniter->run()
#7 {main}
ERROR - 2022-05-30 01:07:11 --> Error connecting to the database: Unknown database 'smartway_db'
CRITICAL - 2022-05-30 01:07:11 --> Unable to connect to the database.
Main connection [MySQLi]: Unknown database 'smartway_db'
#0 C:\xampp8\htdocs\smartway\system\Database\BaseConnection.php(577): CodeIgniter\Database\BaseConnection->initialize()
#1 C:\xampp8\htdocs\smartway\system\Database\BaseBuilder.php(1455): CodeIgniter\Database\BaseConnection->query('SELECT *\nFROM `...', Array, false)
#2 C:\xampp8\htdocs\smartway\system\Model.php(183): CodeIgniter\Database\BaseBuilder->get()
#3 C:\xampp8\htdocs\smartway\system\BaseModel.php(584): CodeIgniter\Model->doFindAll(0, 0)
#4 C:\xampp8\htdocs\smartway\app\Controllers\ClientesController.php(9): CodeIgniter\BaseModel->findAll()
#5 C:\xampp8\htdocs\smartway\system\CodeIgniter.php(832): App\Controllers\ClientesController->index()
#6 C:\xampp8\htdocs\smartway\system\CodeIgniter.php(419): CodeIgniter\CodeIgniter->runController(Object(App\Controllers\ClientesController))
#7 C:\xampp8\htdocs\smartway\system\CodeIgniter.php(326): CodeIgniter\CodeIgniter->handleRequest(NULL, Object(Config\Cache), false)
#8 C:\xampp8\htdocs\smartway\public\index.php(37): CodeIgniter\CodeIgniter->run()
#9 {main}
ERROR - 2022-05-30 01:07:19 --> Error connecting to the database: Unknown database 'smartway_db'
CRITICAL - 2022-05-30 01:07:19 --> Unable to connect to the database.
Main connection [MySQLi]: Unknown database 'smartway_db'
#0 C:\xampp8\htdocs\smartway\system\Database\BaseConnection.php(577): CodeIgniter\Database\BaseConnection->initialize()
#1 C:\xampp8\htdocs\smartway\system\Database\BaseBuilder.php(1455): CodeIgniter\Database\BaseConnection->query('SELECT *\nFROM `...', Array, false)
#2 C:\xampp8\htdocs\smartway\system\Model.php(183): CodeIgniter\Database\BaseBuilder->get()
#3 C:\xampp8\htdocs\smartway\system\BaseModel.php(584): CodeIgniter\Model->doFindAll(0, 0)
#4 C:\xampp8\htdocs\smartway\app\Controllers\UsuariosController.php(11): CodeIgniter\BaseModel->findAll()
#5 C:\xampp8\htdocs\smartway\system\CodeIgniter.php(832): App\Controllers\UsuariosController->index()
#6 C:\xampp8\htdocs\smartway\system\CodeIgniter.php(419): CodeIgniter\CodeIgniter->runController(Object(App\Controllers\UsuariosController))
#7 C:\xampp8\htdocs\smartway\system\CodeIgniter.php(326): CodeIgniter\CodeIgniter->handleRequest(NULL, Object(Config\Cache), false)
#8 C:\xampp8\htdocs\smartway\public\index.php(37): CodeIgniter\CodeIgniter->run()
#9 {main}
