CRITICAL - 2022-05-23 02:44:14 --> The framework needs the following extension(s) installed and loaded: intl.
#0 C:\xampp8\htdocs\practica\system\CodeIgniter.php(219): CodeIgniter\Exceptions\FrameworkException::forMissingExtension('intl')
#1 C:\xampp8\htdocs\practica\system\CodeIgniter.php(177): CodeIgniter\CodeIgniter->resolvePlatformExtensions()
#2 C:\xampp8\htdocs\practica\system\bootstrap.php(146): CodeIgniter\CodeIgniter->initialize()
#3 C:\xampp8\htdocs\practica\public\index.php(28): require('C:\\xampp8\\htdoc...')
#4 {main}
CRITICAL - 2022-05-23 02:45:27 --> The framework needs the following extension(s) installed and loaded: intl.
#0 C:\xampp8\htdocs\practica\system\CodeIgniter.php(219): CodeIgniter\Exceptions\FrameworkException::forMissingExtension('intl')
#1 C:\xampp8\htdocs\practica\system\CodeIgniter.php(177): CodeIgniter\CodeIgniter->resolvePlatformExtensions()
#2 C:\xampp8\htdocs\practica\system\bootstrap.php(146): CodeIgniter\CodeIgniter->initialize()
#3 C:\xampp8\htdocs\practica\public\index.php(28): require('C:\\xampp8\\htdoc...')
#4 {main}
CRITICAL - 2022-05-23 02:45:27 --> The framework needs the following extension(s) installed and loaded: intl.
#0 C:\xampp8\htdocs\practica\system\CodeIgniter.php(219): CodeIgniter\Exceptions\FrameworkException::forMissingExtension('intl')
#1 C:\xampp8\htdocs\practica\system\CodeIgniter.php(177): CodeIgniter\CodeIgniter->resolvePlatformExtensions()
#2 C:\xampp8\htdocs\practica\system\bootstrap.php(146): CodeIgniter\CodeIgniter->initialize()
#3 C:\xampp8\htdocs\practica\public\index.php(28): require('C:\\xampp8\\htdoc...')
#4 {main}
CRITICAL - 2022-05-23 02:45:32 --> The framework needs the following extension(s) installed and loaded: intl.
#0 C:\xampp8\htdocs\practica\system\CodeIgniter.php(219): CodeIgniter\Exceptions\FrameworkException::forMissingExtension('intl')
#1 C:\xampp8\htdocs\practica\system\CodeIgniter.php(177): CodeIgniter\CodeIgniter->resolvePlatformExtensions()
#2 C:\xampp8\htdocs\practica\system\bootstrap.php(146): CodeIgniter\CodeIgniter->initialize()
#3 C:\xampp8\htdocs\practica\public\index.php(28): require('C:\\xampp8\\htdoc...')
#4 {main}
CRITICAL - 2022-05-23 02:45:36 --> The framework needs the following extension(s) installed and loaded: intl.
#0 C:\xampp8\htdocs\practica\system\CodeIgniter.php(219): CodeIgniter\Exceptions\FrameworkException::forMissingExtension('intl')
#1 C:\xampp8\htdocs\practica\system\CodeIgniter.php(177): CodeIgniter\CodeIgniter->resolvePlatformExtensions()
#2 C:\xampp8\htdocs\practica\system\bootstrap.php(146): CodeIgniter\CodeIgniter->initialize()
#3 C:\xampp8\htdocs\practica\public\index.php(28): require('C:\\xampp8\\htdoc...')
#4 {main}
CRITICAL - 2022-05-23 02:45:57 --> The framework needs the following extension(s) installed and loaded: intl.
#0 C:\xampp8\htdocs\practica\system\CodeIgniter.php(219): CodeIgniter\Exceptions\FrameworkException::forMissingExtension('intl')
#1 C:\xampp8\htdocs\practica\system\CodeIgniter.php(177): CodeIgniter\CodeIgniter->resolvePlatformExtensions()
#2 C:\xampp8\htdocs\practica\system\bootstrap.php(146): CodeIgniter\CodeIgniter->initialize()
#3 C:\xampp8\htdocs\practica\public\index.php(28): require('C:\\xampp8\\htdoc...')
#4 {main}
CRITICAL - 2022-05-23 02:46:00 --> The framework needs the following extension(s) installed and loaded: intl.
#0 C:\xampp8\htdocs\practica\system\CodeIgniter.php(219): CodeIgniter\Exceptions\FrameworkException::forMissingExtension('intl')
#1 C:\xampp8\htdocs\practica\system\CodeIgniter.php(177): CodeIgniter\CodeIgniter->resolvePlatformExtensions()
#2 C:\xampp8\htdocs\practica\system\bootstrap.php(146): CodeIgniter\CodeIgniter->initialize()
#3 C:\xampp8\htdocs\practica\public\index.php(28): require('C:\\xampp8\\htdoc...')
#4 {main}
CRITICAL - 2022-05-23 02:50:42 --> The framework needs the following extension(s) installed and loaded: intl.
#0 C:\xampp8\htdocs\practica\system\CodeIgniter.php(219): CodeIgniter\Exceptions\FrameworkException::forMissingExtension('intl')
#1 C:\xampp8\htdocs\practica\system\CodeIgniter.php(177): CodeIgniter\CodeIgniter->resolvePlatformExtensions()
#2 C:\xampp8\htdocs\practica\system\bootstrap.php(146): CodeIgniter\CodeIgniter->initialize()
#3 C:\xampp8\htdocs\practica\public\index.php(28): require('C:\\xampp8\\htdoc...')
#4 {main}
CRITICAL - 2022-05-23 02:51:18 --> The framework needs the following extension(s) installed and loaded: intl.
#0 C:\xampp8\htdocs\practica\system\CodeIgniter.php(219): CodeIgniter\Exceptions\FrameworkException::forMissingExtension('intl')
#1 C:\xampp8\htdocs\practica\system\CodeIgniter.php(177): CodeIgniter\CodeIgniter->resolvePlatformExtensions()
#2 C:\xampp8\htdocs\practica\system\bootstrap.php(146): CodeIgniter\CodeIgniter->initialize()
#3 C:\xampp8\htdocs\practica\public\index.php(28): require('C:\\xampp8\\htdoc...')
#4 {main}
CRITICAL - 2022-05-23 02:51:19 --> The framework needs the following extension(s) installed and loaded: intl.
#0 C:\xampp8\htdocs\practica\system\CodeIgniter.php(219): CodeIgniter\Exceptions\FrameworkException::forMissingExtension('intl')
#1 C:\xampp8\htdocs\practica\system\CodeIgniter.php(177): CodeIgniter\CodeIgniter->resolvePlatformExtensions()
#2 C:\xampp8\htdocs\practica\system\bootstrap.php(146): CodeIgniter\CodeIgniter->initialize()
#3 C:\xampp8\htdocs\practica\public\index.php(28): require('C:\\xampp8\\htdoc...')
#4 {main}
CRITICAL - 2022-05-23 02:51:23 --> The framework needs the following extension(s) installed and loaded: intl.
#0 C:\xampp8\htdocs\practica\system\CodeIgniter.php(219): CodeIgniter\Exceptions\FrameworkException::forMissingExtension('intl')
#1 C:\xampp8\htdocs\practica\system\CodeIgniter.php(177): CodeIgniter\CodeIgniter->resolvePlatformExtensions()
#2 C:\xampp8\htdocs\practica\system\bootstrap.php(146): CodeIgniter\CodeIgniter->initialize()
#3 C:\xampp8\htdocs\practica\public\index.php(28): require('C:\\xampp8\\htdoc...')
#4 {main}
CRITICAL - 2022-05-23 02:52:58 --> The framework needs the following extension(s) installed and loaded: intl.
#0 C:\xampp8\htdocs\practica\system\CodeIgniter.php(219): CodeIgniter\Exceptions\FrameworkException::forMissingExtension('intl')
#1 C:\xampp8\htdocs\practica\system\CodeIgniter.php(177): CodeIgniter\CodeIgniter->resolvePlatformExtensions()
#2 C:\xampp8\htdocs\practica\system\bootstrap.php(146): CodeIgniter\CodeIgniter->initialize()
#3 C:\xampp8\htdocs\practica\public\index.php(28): require('C:\\xampp8\\htdoc...')
#4 {main}
CRITICAL - 2022-05-23 02:53:08 --> The framework needs the following extension(s) installed and loaded: intl.
#0 C:\xampp8\htdocs\practica\system\CodeIgniter.php(219): CodeIgniter\Exceptions\FrameworkException::forMissingExtension('intl')
#1 C:\xampp8\htdocs\practica\system\CodeIgniter.php(177): CodeIgniter\CodeIgniter->resolvePlatformExtensions()
#2 C:\xampp8\htdocs\practica\system\bootstrap.php(146): CodeIgniter\CodeIgniter->initialize()
#3 C:\xampp8\htdocs\practica\public\index.php(28): require('C:\\xampp8\\htdoc...')
#4 {main}
CRITICAL - 2022-05-23 02:53:38 --> The framework needs the following extension(s) installed and loaded: intl.
#0 C:\xampp8\htdocs\practica\system\CodeIgniter.php(219): CodeIgniter\Exceptions\FrameworkException::forMissingExtension('intl')
#1 C:\xampp8\htdocs\practica\system\CodeIgniter.php(177): CodeIgniter\CodeIgniter->resolvePlatformExtensions()
#2 C:\xampp8\htdocs\practica\system\bootstrap.php(146): CodeIgniter\CodeIgniter->initialize()
#3 C:\xampp8\htdocs\practica\public\index.php(28): require('C:\\xampp8\\htdoc...')
#4 {main}
CRITICAL - 2022-05-23 02:53:39 --> The framework needs the following extension(s) installed and loaded: intl.
#0 C:\xampp8\htdocs\practica\system\CodeIgniter.php(219): CodeIgniter\Exceptions\FrameworkException::forMissingExtension('intl')
#1 C:\xampp8\htdocs\practica\system\CodeIgniter.php(177): CodeIgniter\CodeIgniter->resolvePlatformExtensions()
#2 C:\xampp8\htdocs\practica\system\bootstrap.php(146): CodeIgniter\CodeIgniter->initialize()
#3 C:\xampp8\htdocs\practica\public\index.php(28): require('C:\\xampp8\\htdoc...')
#4 {main}
CRITICAL - 2022-05-23 02:53:47 --> The framework needs the following extension(s) installed and loaded: intl.
#0 C:\xampp8\htdocs\practica\system\CodeIgniter.php(219): CodeIgniter\Exceptions\FrameworkException::forMissingExtension('intl')
#1 C:\xampp8\htdocs\practica\system\CodeIgniter.php(177): CodeIgniter\CodeIgniter->resolvePlatformExtensions()
#2 C:\xampp8\htdocs\practica\system\bootstrap.php(146): CodeIgniter\CodeIgniter->initialize()
#3 C:\xampp8\htdocs\practica\public\index.php(28): require('C:\\xampp8\\htdoc...')
#4 {main}
CRITICAL - 2022-05-23 02:53:53 --> The framework needs the following extension(s) installed and loaded: intl.
#0 C:\xampp8\htdocs\practica\system\CodeIgniter.php(219): CodeIgniter\Exceptions\FrameworkException::forMissingExtension('intl')
#1 C:\xampp8\htdocs\practica\system\CodeIgniter.php(177): CodeIgniter\CodeIgniter->resolvePlatformExtensions()
#2 C:\xampp8\htdocs\practica\system\bootstrap.php(146): CodeIgniter\CodeIgniter->initialize()
#3 C:\xampp8\htdocs\practica\public\index.php(28): require('C:\\xampp8\\htdoc...')
#4 {main}
CRITICAL - 2022-05-23 02:54:09 --> The framework needs the following extension(s) installed and loaded: intl.
#0 C:\xampp8\htdocs\practica\system\CodeIgniter.php(219): CodeIgniter\Exceptions\FrameworkException::forMissingExtension('intl')
#1 C:\xampp8\htdocs\practica\system\CodeIgniter.php(177): CodeIgniter\CodeIgniter->resolvePlatformExtensions()
#2 C:\xampp8\htdocs\practica\system\bootstrap.php(146): CodeIgniter\CodeIgniter->initialize()
#3 C:\xampp8\htdocs\practica\public\index.php(28): require('C:\\xampp8\\htdoc...')
#4 {main}
CRITICAL - 2022-05-23 02:55:33 --> The framework needs the following extension(s) installed and loaded: intl.
#0 C:\xampp8\htdocs\practica\system\CodeIgniter.php(219): CodeIgniter\Exceptions\FrameworkException::forMissingExtension('intl')
#1 C:\xampp8\htdocs\practica\system\CodeIgniter.php(177): CodeIgniter\CodeIgniter->resolvePlatformExtensions()
#2 C:\xampp8\htdocs\practica\system\bootstrap.php(146): CodeIgniter\CodeIgniter->initialize()
#3 C:\xampp8\htdocs\practica\public\index.php(28): require('C:\\xampp8\\htdoc...')
#4 {main}
CRITICAL - 2022-05-23 01:26:06 --> include(css.php): Failed to open stream: No such file or directory
#0 C:\xampp8\htdocs\practica\app\Views\usuarios\usuarios_view.php(7): CodeIgniter\Debug\Exceptions->errorHandler(2, 'include(css.php...', 'C:\\xampp8\\htdoc...', 7)
#1 C:\xampp8\htdocs\practica\app\Views\usuarios\usuarios_view.php(7): include()
#2 C:\xampp8\htdocs\practica\system\View\View.php(210): include('C:\\xampp8\\htdoc...')
#3 C:\xampp8\htdocs\practica\system\View\View.php(213): CodeIgniter\View\View->CodeIgniter\View\{closure}()
#4 C:\xampp8\htdocs\practica\system\Common.php(1089): CodeIgniter\View\View->render('usuarios/usuari...', Array, true)
#5 C:\xampp8\htdocs\practica\app\Controllers\UsuariosController.php(23): view('usuarios/usuari...')
#6 C:\xampp8\htdocs\practica\system\CodeIgniter.php(832): App\Controllers\UsuariosController->verUsuarios()
#7 C:\xampp8\htdocs\practica\system\CodeIgniter.php(419): CodeIgniter\CodeIgniter->runController(Object(App\Controllers\UsuariosController))
#8 C:\xampp8\htdocs\practica\system\CodeIgniter.php(326): CodeIgniter\CodeIgniter->handleRequest(NULL, Object(Config\Cache), false)
#9 C:\xampp8\htdocs\practica\public\index.php(37): CodeIgniter\CodeIgniter->run()
#10 {main}
CRITICAL - 2022-05-23 01:26:42 --> include(../css.php): Failed to open stream: No such file or directory
#0 C:\xampp8\htdocs\practica\app\Views\usuarios\usuarios_view.php(7): CodeIgniter\Debug\Exceptions->errorHandler(2, 'include(../css....', 'C:\\xampp8\\htdoc...', 7)
#1 C:\xampp8\htdocs\practica\app\Views\usuarios\usuarios_view.php(7): include()
#2 C:\xampp8\htdocs\practica\system\View\View.php(210): include('C:\\xampp8\\htdoc...')
#3 C:\xampp8\htdocs\practica\system\View\View.php(213): CodeIgniter\View\View->CodeIgniter\View\{closure}()
#4 C:\xampp8\htdocs\practica\system\Common.php(1089): CodeIgniter\View\View->render('usuarios/usuari...', Array, true)
#5 C:\xampp8\htdocs\practica\app\Controllers\UsuariosController.php(23): view('usuarios/usuari...')
#6 C:\xampp8\htdocs\practica\system\CodeIgniter.php(832): App\Controllers\UsuariosController->verUsuarios()
#7 C:\xampp8\htdocs\practica\system\CodeIgniter.php(419): CodeIgniter\CodeIgniter->runController(Object(App\Controllers\UsuariosController))
#8 C:\xampp8\htdocs\practica\system\CodeIgniter.php(326): CodeIgniter\CodeIgniter->handleRequest(NULL, Object(Config\Cache), false)
#9 C:\xampp8\htdocs\practica\public\index.php(37): CodeIgniter\CodeIgniter->run()
#10 {main}
CRITICAL - 2022-05-23 01:30:53 --> include(./css.php): Failed to open stream: No such file or directory
#0 C:\xampp8\htdocs\practica\app\Views\usuarios\usuarios_view.php(7): CodeIgniter\Debug\Exceptions->errorHandler(2, 'include(./css.p...', 'C:\\xampp8\\htdoc...', 7)
#1 C:\xampp8\htdocs\practica\app\Views\usuarios\usuarios_view.php(7): include()
#2 C:\xampp8\htdocs\practica\system\View\View.php(210): include('C:\\xampp8\\htdoc...')
#3 C:\xampp8\htdocs\practica\system\View\View.php(213): CodeIgniter\View\View->CodeIgniter\View\{closure}()
#4 C:\xampp8\htdocs\practica\system\Common.php(1089): CodeIgniter\View\View->render('usuarios/usuari...', Array, true)
#5 C:\xampp8\htdocs\practica\app\Controllers\UsuariosController.php(23): view('usuarios/usuari...')
#6 C:\xampp8\htdocs\practica\system\CodeIgniter.php(832): App\Controllers\UsuariosController->verUsuarios()
#7 C:\xampp8\htdocs\practica\system\CodeIgniter.php(419): CodeIgniter\CodeIgniter->runController(Object(App\Controllers\UsuariosController))
#8 C:\xampp8\htdocs\practica\system\CodeIgniter.php(326): CodeIgniter\CodeIgniter->handleRequest(NULL, Object(Config\Cache), false)
#9 C:\xampp8\htdocs\practica\public\index.php(37): CodeIgniter\CodeIgniter->run()
#10 {main}
CRITICAL - 2022-05-23 01:31:10 --> include(.css.php): Failed to open stream: No such file or directory
#0 C:\xampp8\htdocs\practica\app\Views\usuarios\usuarios_view.php(7): CodeIgniter\Debug\Exceptions->errorHandler(2, 'include(.css.ph...', 'C:\\xampp8\\htdoc...', 7)
#1 C:\xampp8\htdocs\practica\app\Views\usuarios\usuarios_view.php(7): include()
#2 C:\xampp8\htdocs\practica\system\View\View.php(210): include('C:\\xampp8\\htdoc...')
#3 C:\xampp8\htdocs\practica\system\View\View.php(213): CodeIgniter\View\View->CodeIgniter\View\{closure}()
#4 C:\xampp8\htdocs\practica\system\Common.php(1089): CodeIgniter\View\View->render('usuarios/usuari...', Array, true)
#5 C:\xampp8\htdocs\practica\app\Controllers\UsuariosController.php(23): view('usuarios/usuari...')
#6 C:\xampp8\htdocs\practica\system\CodeIgniter.php(832): App\Controllers\UsuariosController->verUsuarios()
#7 C:\xampp8\htdocs\practica\system\CodeIgniter.php(419): CodeIgniter\CodeIgniter->runController(Object(App\Controllers\UsuariosController))
#8 C:\xampp8\htdocs\practica\system\CodeIgniter.php(326): CodeIgniter\CodeIgniter->handleRequest(NULL, Object(Config\Cache), false)
#9 C:\xampp8\htdocs\practica\public\index.php(37): CodeIgniter\CodeIgniter->run()
#10 {main}
CRITICAL - 2022-05-23 01:31:17 --> include(../css.php): Failed to open stream: No such file or directory
#0 C:\xampp8\htdocs\practica\app\Views\usuarios\usuarios_view.php(7): CodeIgniter\Debug\Exceptions->errorHandler(2, 'include(../css....', 'C:\\xampp8\\htdoc...', 7)
#1 C:\xampp8\htdocs\practica\app\Views\usuarios\usuarios_view.php(7): include()
#2 C:\xampp8\htdocs\practica\system\View\View.php(210): include('C:\\xampp8\\htdoc...')
#3 C:\xampp8\htdocs\practica\system\View\View.php(213): CodeIgniter\View\View->CodeIgniter\View\{closure}()
#4 C:\xampp8\htdocs\practica\system\Common.php(1089): CodeIgniter\View\View->render('usuarios/usuari...', Array, true)
#5 C:\xampp8\htdocs\practica\app\Controllers\UsuariosController.php(23): view('usuarios/usuari...')
#6 C:\xampp8\htdocs\practica\system\CodeIgniter.php(832): App\Controllers\UsuariosController->verUsuarios()
#7 C:\xampp8\htdocs\practica\system\CodeIgniter.php(419): CodeIgniter\CodeIgniter->runController(Object(App\Controllers\UsuariosController))
#8 C:\xampp8\htdocs\practica\system\CodeIgniter.php(326): CodeIgniter\CodeIgniter->handleRequest(NULL, Object(Config\Cache), false)
#9 C:\xampp8\htdocs\practica\public\index.php(37): CodeIgniter\CodeIgniter->run()
#10 {main}
CRITICAL - 2022-05-23 01:31:24 --> include(.../css.php): Failed to open stream: No such file or directory
#0 C:\xampp8\htdocs\practica\app\Views\usuarios\usuarios_view.php(7): CodeIgniter\Debug\Exceptions->errorHandler(2, 'include(.../css...', 'C:\\xampp8\\htdoc...', 7)
#1 C:\xampp8\htdocs\practica\app\Views\usuarios\usuarios_view.php(7): include()
#2 C:\xampp8\htdocs\practica\system\View\View.php(210): include('C:\\xampp8\\htdoc...')
#3 C:\xampp8\htdocs\practica\system\View\View.php(213): CodeIgniter\View\View->CodeIgniter\View\{closure}()
#4 C:\xampp8\htdocs\practica\system\Common.php(1089): CodeIgniter\View\View->render('usuarios/usuari...', Array, true)
#5 C:\xampp8\htdocs\practica\app\Controllers\UsuariosController.php(23): view('usuarios/usuari...')
#6 C:\xampp8\htdocs\practica\system\CodeIgniter.php(832): App\Controllers\UsuariosController->verUsuarios()
#7 C:\xampp8\htdocs\practica\system\CodeIgniter.php(419): CodeIgniter\CodeIgniter->runController(Object(App\Controllers\UsuariosController))
#8 C:\xampp8\htdocs\practica\system\CodeIgniter.php(326): CodeIgniter\CodeIgniter->handleRequest(NULL, Object(Config\Cache), false)
#9 C:\xampp8\htdocs\practica\public\index.php(37): CodeIgniter\CodeIgniter->run()
#10 {main}
CRITICAL - 2022-05-23 01:31:55 --> include(../css.php): Failed to open stream: No such file or directory
#0 C:\xampp8\htdocs\practica\app\Views\usuarios\usuarios_view.php(7): CodeIgniter\Debug\Exceptions->errorHandler(2, 'include(../css....', 'C:\\xampp8\\htdoc...', 7)
#1 C:\xampp8\htdocs\practica\app\Views\usuarios\usuarios_view.php(7): include()
#2 C:\xampp8\htdocs\practica\system\View\View.php(210): include('C:\\xampp8\\htdoc...')
#3 C:\xampp8\htdocs\practica\system\View\View.php(213): CodeIgniter\View\View->CodeIgniter\View\{closure}()
#4 C:\xampp8\htdocs\practica\system\Common.php(1089): CodeIgniter\View\View->render('usuarios/usuari...', Array, true)
#5 C:\xampp8\htdocs\practica\app\Controllers\UsuariosController.php(23): view('usuarios/usuari...')
#6 C:\xampp8\htdocs\practica\system\CodeIgniter.php(832): App\Controllers\UsuariosController->verUsuarios()
#7 C:\xampp8\htdocs\practica\system\CodeIgniter.php(419): CodeIgniter\CodeIgniter->runController(Object(App\Controllers\UsuariosController))
#8 C:\xampp8\htdocs\practica\system\CodeIgniter.php(326): CodeIgniter\CodeIgniter->handleRequest(NULL, Object(Config\Cache), false)
#9 C:\xampp8\htdocs\practica\public\index.php(37): CodeIgniter\CodeIgniter->run()
#10 {main}
CRITICAL - 2022-05-23 01:32:17 --> include(../css.php): Failed to open stream: No such file or directory
#0 C:\xampp8\htdocs\practica\app\Views\usuarios\usuarios_view.php(7): CodeIgniter\Debug\Exceptions->errorHandler(2, 'include(../css....', 'C:\\xampp8\\htdoc...', 7)
#1 C:\xampp8\htdocs\practica\app\Views\usuarios\usuarios_view.php(7): include()
#2 C:\xampp8\htdocs\practica\system\View\View.php(210): include('C:\\xampp8\\htdoc...')
#3 C:\xampp8\htdocs\practica\system\View\View.php(213): CodeIgniter\View\View->CodeIgniter\View\{closure}()
#4 C:\xampp8\htdocs\practica\system\Common.php(1089): CodeIgniter\View\View->render('usuarios/usuari...', Array, true)
#5 C:\xampp8\htdocs\practica\app\Controllers\UsuariosController.php(23): view('usuarios/usuari...')
#6 C:\xampp8\htdocs\practica\system\CodeIgniter.php(832): App\Controllers\UsuariosController->verUsuarios()
#7 C:\xampp8\htdocs\practica\system\CodeIgniter.php(419): CodeIgniter\CodeIgniter->runController(Object(App\Controllers\UsuariosController))
#8 C:\xampp8\htdocs\practica\system\CodeIgniter.php(326): CodeIgniter\CodeIgniter->handleRequest(NULL, Object(Config\Cache), false)
#9 C:\xampp8\htdocs\practica\public\index.php(37): CodeIgniter\CodeIgniter->run()
#10 {main}
CRITICAL - 2022-05-23 01:32:18 --> include(../css.php): Failed to open stream: No such file or directory
#0 C:\xampp8\htdocs\practica\app\Views\usuarios\usuarios_view.php(7): CodeIgniter\Debug\Exceptions->errorHandler(2, 'include(../css....', 'C:\\xampp8\\htdoc...', 7)
#1 C:\xampp8\htdocs\practica\app\Views\usuarios\usuarios_view.php(7): include()
#2 C:\xampp8\htdocs\practica\system\View\View.php(210): include('C:\\xampp8\\htdoc...')
#3 C:\xampp8\htdocs\practica\system\View\View.php(213): CodeIgniter\View\View->CodeIgniter\View\{closure}()
#4 C:\xampp8\htdocs\practica\system\Common.php(1089): CodeIgniter\View\View->render('usuarios/usuari...', Array, true)
#5 C:\xampp8\htdocs\practica\app\Controllers\UsuariosController.php(23): view('usuarios/usuari...')
#6 C:\xampp8\htdocs\practica\system\CodeIgniter.php(832): App\Controllers\UsuariosController->verUsuarios()
#7 C:\xampp8\htdocs\practica\system\CodeIgniter.php(419): CodeIgniter\CodeIgniter->runController(Object(App\Controllers\UsuariosController))
#8 C:\xampp8\htdocs\practica\system\CodeIgniter.php(326): CodeIgniter\CodeIgniter->handleRequest(NULL, Object(Config\Cache), false)
#9 C:\xampp8\htdocs\practica\public\index.php(37): CodeIgniter\CodeIgniter->run()
#10 {main}
