CRITICAL - 2022-05-14 00:09:51 --> include(css.php): Failed to open stream: No such file or directory
#0 C:\xampp\htdocs\practica\app\Views\menu.php(16): CodeIgniter\Debug\Exceptions->errorHandler(2, 'include(css.php...', 'C:\\xampp\\htdocs...', 16)
#1 C:\xampp\htdocs\practica\app\Views\menu.php(16): include()
#2 C:\xampp\htdocs\practica\system\View\View.php(210): include('C:\\xampp\\htdocs...')
#3 C:\xampp\htdocs\practica\system\View\View.php(213): CodeIgniter\View\View->CodeIgniter\View\{closure}()
#4 C:\xampp\htdocs\practica\system\Common.php(1089): CodeIgniter\View\View->render('menu.php', Array, true)
#5 C:\xampp\htdocs\practica\app\Controllers\Home.php(9): view('menu.php')
#6 C:\xampp\htdocs\practica\system\CodeIgniter.php(832): App\Controllers\Home->index()
#7 C:\xampp\htdocs\practica\system\CodeIgniter.php(419): CodeIgniter\CodeIgniter->runController(Object(App\Controllers\Home))
#8 C:\xampp\htdocs\practica\system\CodeIgniter.php(326): CodeIgniter\CodeIgniter->handleRequest(NULL, Object(Config\Cache), false)
#9 C:\xampp\htdocs\practica\public\index.php(37): CodeIgniter\CodeIgniter->run()
#10 {main}
CRITICAL - 2022-05-14 00:10:28 --> include(css.php): Failed to open stream: No such file or directory
#0 C:\xampp\htdocs\practica\app\Views\menu.php(16): CodeIgniter\Debug\Exceptions->errorHandler(2, 'include(css.php...', 'C:\\xampp\\htdocs...', 16)
#1 C:\xampp\htdocs\practica\app\Views\menu.php(16): include()
#2 C:\xampp\htdocs\practica\system\View\View.php(210): include('C:\\xampp\\htdocs...')
#3 C:\xampp\htdocs\practica\system\View\View.php(213): CodeIgniter\View\View->CodeIgniter\View\{closure}()
#4 C:\xampp\htdocs\practica\system\Common.php(1089): CodeIgniter\View\View->render('menu.php', Array, true)
#5 C:\xampp\htdocs\practica\app\Controllers\Home.php(9): view('menu.php')
#6 C:\xampp\htdocs\practica\system\CodeIgniter.php(832): App\Controllers\Home->index()
#7 C:\xampp\htdocs\practica\system\CodeIgniter.php(419): CodeIgniter\CodeIgniter->runController(Object(App\Controllers\Home))
#8 C:\xampp\htdocs\practica\system\CodeIgniter.php(326): CodeIgniter\CodeIgniter->handleRequest(NULL, Object(Config\Cache), false)
#9 C:\xampp\htdocs\practica\public\index.php(37): CodeIgniter\CodeIgniter->run()
#10 {main}
CRITICAL - 2022-05-14 00:11:11 --> include(css.php): Failed to open stream: No such file or directory
#0 C:\xampp\htdocs\practica\app\Views\menu.php(16): CodeIgniter\Debug\Exceptions->errorHandler(2, 'include(css.php...', 'C:\\xampp\\htdocs...', 16)
#1 C:\xampp\htdocs\practica\app\Views\menu.php(16): include()
#2 C:\xampp\htdocs\practica\system\View\View.php(210): include('C:\\xampp\\htdocs...')
#3 C:\xampp\htdocs\practica\system\View\View.php(213): CodeIgniter\View\View->CodeIgniter\View\{closure}()
#4 C:\xampp\htdocs\practica\system\Common.php(1089): CodeIgniter\View\View->render('menu.php', Array, true)
#5 C:\xampp\htdocs\practica\app\Controllers\Home.php(9): view('menu.php')
#6 C:\xampp\htdocs\practica\system\CodeIgniter.php(832): App\Controllers\Home->index()
#7 C:\xampp\htdocs\practica\system\CodeIgniter.php(419): CodeIgniter\CodeIgniter->runController(Object(App\Controllers\Home))
#8 C:\xampp\htdocs\practica\system\CodeIgniter.php(326): CodeIgniter\CodeIgniter->handleRequest(NULL, Object(Config\Cache), false)
#9 C:\xampp\htdocs\practica\public\index.php(37): CodeIgniter\CodeIgniter->run()
#10 {main}
CRITICAL - 2022-05-14 00:11:12 --> include(css.php): Failed to open stream: No such file or directory
#0 C:\xampp\htdocs\practica\app\Views\menu.php(16): CodeIgniter\Debug\Exceptions->errorHandler(2, 'include(css.php...', 'C:\\xampp\\htdocs...', 16)
#1 C:\xampp\htdocs\practica\app\Views\menu.php(16): include()
#2 C:\xampp\htdocs\practica\system\View\View.php(210): include('C:\\xampp\\htdocs...')
#3 C:\xampp\htdocs\practica\system\View\View.php(213): CodeIgniter\View\View->CodeIgniter\View\{closure}()
#4 C:\xampp\htdocs\practica\system\Common.php(1089): CodeIgniter\View\View->render('menu.php', Array, true)
#5 C:\xampp\htdocs\practica\app\Controllers\Home.php(9): view('menu.php')
#6 C:\xampp\htdocs\practica\system\CodeIgniter.php(832): App\Controllers\Home->index()
#7 C:\xampp\htdocs\practica\system\CodeIgniter.php(419): CodeIgniter\CodeIgniter->runController(Object(App\Controllers\Home))
#8 C:\xampp\htdocs\practica\system\CodeIgniter.php(326): CodeIgniter\CodeIgniter->handleRequest(NULL, Object(Config\Cache), false)
#9 C:\xampp\htdocs\practica\public\index.php(37): CodeIgniter\CodeIgniter->run()
#10 {main}
CRITICAL - 2022-05-14 00:11:13 --> include(css.php): Failed to open stream: No such file or directory
#0 C:\xampp\htdocs\practica\app\Views\menu.php(16): CodeIgniter\Debug\Exceptions->errorHandler(2, 'include(css.php...', 'C:\\xampp\\htdocs...', 16)
#1 C:\xampp\htdocs\practica\app\Views\menu.php(16): include()
#2 C:\xampp\htdocs\practica\system\View\View.php(210): include('C:\\xampp\\htdocs...')
#3 C:\xampp\htdocs\practica\system\View\View.php(213): CodeIgniter\View\View->CodeIgniter\View\{closure}()
#4 C:\xampp\htdocs\practica\system\Common.php(1089): CodeIgniter\View\View->render('menu.php', Array, true)
#5 C:\xampp\htdocs\practica\app\Controllers\Home.php(9): view('menu.php')
#6 C:\xampp\htdocs\practica\system\CodeIgniter.php(832): App\Controllers\Home->index()
#7 C:\xampp\htdocs\practica\system\CodeIgniter.php(419): CodeIgniter\CodeIgniter->runController(Object(App\Controllers\Home))
#8 C:\xampp\htdocs\practica\system\CodeIgniter.php(326): CodeIgniter\CodeIgniter->handleRequest(NULL, Object(Config\Cache), false)
#9 C:\xampp\htdocs\practica\public\index.php(37): CodeIgniter\CodeIgniter->run()
#10 {main}
CRITICAL - 2022-05-14 00:11:13 --> include(css.php): Failed to open stream: No such file or directory
#0 C:\xampp\htdocs\practica\app\Views\menu.php(16): CodeIgniter\Debug\Exceptions->errorHandler(2, 'include(css.php...', 'C:\\xampp\\htdocs...', 16)
#1 C:\xampp\htdocs\practica\app\Views\menu.php(16): include()
#2 C:\xampp\htdocs\practica\system\View\View.php(210): include('C:\\xampp\\htdocs...')
#3 C:\xampp\htdocs\practica\system\View\View.php(213): CodeIgniter\View\View->CodeIgniter\View\{closure}()
#4 C:\xampp\htdocs\practica\system\Common.php(1089): CodeIgniter\View\View->render('menu.php', Array, true)
#5 C:\xampp\htdocs\practica\app\Controllers\Home.php(9): view('menu.php')
#6 C:\xampp\htdocs\practica\system\CodeIgniter.php(832): App\Controllers\Home->index()
#7 C:\xampp\htdocs\practica\system\CodeIgniter.php(419): CodeIgniter\CodeIgniter->runController(Object(App\Controllers\Home))
#8 C:\xampp\htdocs\practica\system\CodeIgniter.php(326): CodeIgniter\CodeIgniter->handleRequest(NULL, Object(Config\Cache), false)
#9 C:\xampp\htdocs\practica\public\index.php(37): CodeIgniter\CodeIgniter->run()
#10 {main}
CRITICAL - 2022-05-14 00:11:13 --> include(css.php): Failed to open stream: No such file or directory
#0 C:\xampp\htdocs\practica\app\Views\menu.php(16): CodeIgniter\Debug\Exceptions->errorHandler(2, 'include(css.php...', 'C:\\xampp\\htdocs...', 16)
#1 C:\xampp\htdocs\practica\app\Views\menu.php(16): include()
#2 C:\xampp\htdocs\practica\system\View\View.php(210): include('C:\\xampp\\htdocs...')
#3 C:\xampp\htdocs\practica\system\View\View.php(213): CodeIgniter\View\View->CodeIgniter\View\{closure}()
#4 C:\xampp\htdocs\practica\system\Common.php(1089): CodeIgniter\View\View->render('menu.php', Array, true)
#5 C:\xampp\htdocs\practica\app\Controllers\Home.php(9): view('menu.php')
#6 C:\xampp\htdocs\practica\system\CodeIgniter.php(832): App\Controllers\Home->index()
#7 C:\xampp\htdocs\practica\system\CodeIgniter.php(419): CodeIgniter\CodeIgniter->runController(Object(App\Controllers\Home))
#8 C:\xampp\htdocs\practica\system\CodeIgniter.php(326): CodeIgniter\CodeIgniter->handleRequest(NULL, Object(Config\Cache), false)
#9 C:\xampp\htdocs\practica\public\index.php(37): CodeIgniter\CodeIgniter->run()
#10 {main}
CRITICAL - 2022-05-14 00:11:13 --> include(css.php): Failed to open stream: No such file or directory
#0 C:\xampp\htdocs\practica\app\Views\menu.php(16): CodeIgniter\Debug\Exceptions->errorHandler(2, 'include(css.php...', 'C:\\xampp\\htdocs...', 16)
#1 C:\xampp\htdocs\practica\app\Views\menu.php(16): include()
#2 C:\xampp\htdocs\practica\system\View\View.php(210): include('C:\\xampp\\htdocs...')
#3 C:\xampp\htdocs\practica\system\View\View.php(213): CodeIgniter\View\View->CodeIgniter\View\{closure}()
#4 C:\xampp\htdocs\practica\system\Common.php(1089): CodeIgniter\View\View->render('menu.php', Array, true)
#5 C:\xampp\htdocs\practica\app\Controllers\Home.php(9): view('menu.php')
#6 C:\xampp\htdocs\practica\system\CodeIgniter.php(832): App\Controllers\Home->index()
#7 C:\xampp\htdocs\practica\system\CodeIgniter.php(419): CodeIgniter\CodeIgniter->runController(Object(App\Controllers\Home))
#8 C:\xampp\htdocs\practica\system\CodeIgniter.php(326): CodeIgniter\CodeIgniter->handleRequest(NULL, Object(Config\Cache), false)
#9 C:\xampp\htdocs\practica\public\index.php(37): CodeIgniter\CodeIgniter->run()
#10 {main}
CRITICAL - 2022-05-14 00:11:13 --> include(css.php): Failed to open stream: No such file or directory
#0 C:\xampp\htdocs\practica\app\Views\menu.php(16): CodeIgniter\Debug\Exceptions->errorHandler(2, 'include(css.php...', 'C:\\xampp\\htdocs...', 16)
#1 C:\xampp\htdocs\practica\app\Views\menu.php(16): include()
#2 C:\xampp\htdocs\practica\system\View\View.php(210): include('C:\\xampp\\htdocs...')
#3 C:\xampp\htdocs\practica\system\View\View.php(213): CodeIgniter\View\View->CodeIgniter\View\{closure}()
#4 C:\xampp\htdocs\practica\system\Common.php(1089): CodeIgniter\View\View->render('menu.php', Array, true)
#5 C:\xampp\htdocs\practica\app\Controllers\Home.php(9): view('menu.php')
#6 C:\xampp\htdocs\practica\system\CodeIgniter.php(832): App\Controllers\Home->index()
#7 C:\xampp\htdocs\practica\system\CodeIgniter.php(419): CodeIgniter\CodeIgniter->runController(Object(App\Controllers\Home))
#8 C:\xampp\htdocs\practica\system\CodeIgniter.php(326): CodeIgniter\CodeIgniter->handleRequest(NULL, Object(Config\Cache), false)
#9 C:\xampp\htdocs\practica\public\index.php(37): CodeIgniter\CodeIgniter->run()
#10 {main}
CRITICAL - 2022-05-14 00:11:14 --> include(css.php): Failed to open stream: No such file or directory
#0 C:\xampp\htdocs\practica\app\Views\menu.php(16): CodeIgniter\Debug\Exceptions->errorHandler(2, 'include(css.php...', 'C:\\xampp\\htdocs...', 16)
#1 C:\xampp\htdocs\practica\app\Views\menu.php(16): include()
#2 C:\xampp\htdocs\practica\system\View\View.php(210): include('C:\\xampp\\htdocs...')
#3 C:\xampp\htdocs\practica\system\View\View.php(213): CodeIgniter\View\View->CodeIgniter\View\{closure}()
#4 C:\xampp\htdocs\practica\system\Common.php(1089): CodeIgniter\View\View->render('menu.php', Array, true)
#5 C:\xampp\htdocs\practica\app\Controllers\Home.php(9): view('menu.php')
#6 C:\xampp\htdocs\practica\system\CodeIgniter.php(832): App\Controllers\Home->index()
#7 C:\xampp\htdocs\practica\system\CodeIgniter.php(419): CodeIgniter\CodeIgniter->runController(Object(App\Controllers\Home))
#8 C:\xampp\htdocs\practica\system\CodeIgniter.php(326): CodeIgniter\CodeIgniter->handleRequest(NULL, Object(Config\Cache), false)
#9 C:\xampp\htdocs\practica\public\index.php(37): CodeIgniter\CodeIgniter->run()
#10 {main}
CRITICAL - 2022-05-14 00:11:14 --> include(css.php): Failed to open stream: No such file or directory
#0 C:\xampp\htdocs\practica\app\Views\menu.php(16): CodeIgniter\Debug\Exceptions->errorHandler(2, 'include(css.php...', 'C:\\xampp\\htdocs...', 16)
#1 C:\xampp\htdocs\practica\app\Views\menu.php(16): include()
#2 C:\xampp\htdocs\practica\system\View\View.php(210): include('C:\\xampp\\htdocs...')
#3 C:\xampp\htdocs\practica\system\View\View.php(213): CodeIgniter\View\View->CodeIgniter\View\{closure}()
#4 C:\xampp\htdocs\practica\system\Common.php(1089): CodeIgniter\View\View->render('menu.php', Array, true)
#5 C:\xampp\htdocs\practica\app\Controllers\Home.php(9): view('menu.php')
#6 C:\xampp\htdocs\practica\system\CodeIgniter.php(832): App\Controllers\Home->index()
#7 C:\xampp\htdocs\practica\system\CodeIgniter.php(419): CodeIgniter\CodeIgniter->runController(Object(App\Controllers\Home))
#8 C:\xampp\htdocs\practica\system\CodeIgniter.php(326): CodeIgniter\CodeIgniter->handleRequest(NULL, Object(Config\Cache), false)
#9 C:\xampp\htdocs\practica\public\index.php(37): CodeIgniter\CodeIgniter->run()
#10 {main}
CRITICAL - 2022-05-14 00:11:14 --> include(css.php): Failed to open stream: No such file or directory
#0 C:\xampp\htdocs\practica\app\Views\menu.php(16): CodeIgniter\Debug\Exceptions->errorHandler(2, 'include(css.php...', 'C:\\xampp\\htdocs...', 16)
#1 C:\xampp\htdocs\practica\app\Views\menu.php(16): include()
#2 C:\xampp\htdocs\practica\system\View\View.php(210): include('C:\\xampp\\htdocs...')
#3 C:\xampp\htdocs\practica\system\View\View.php(213): CodeIgniter\View\View->CodeIgniter\View\{closure}()
#4 C:\xampp\htdocs\practica\system\Common.php(1089): CodeIgniter\View\View->render('menu.php', Array, true)
#5 C:\xampp\htdocs\practica\app\Controllers\Home.php(9): view('menu.php')
#6 C:\xampp\htdocs\practica\system\CodeIgniter.php(832): App\Controllers\Home->index()
#7 C:\xampp\htdocs\practica\system\CodeIgniter.php(419): CodeIgniter\CodeIgniter->runController(Object(App\Controllers\Home))
#8 C:\xampp\htdocs\practica\system\CodeIgniter.php(326): CodeIgniter\CodeIgniter->handleRequest(NULL, Object(Config\Cache), false)
#9 C:\xampp\htdocs\practica\public\index.php(37): CodeIgniter\CodeIgniter->run()
#10 {main}
CRITICAL - 2022-05-14 00:11:14 --> include(css.php): Failed to open stream: No such file or directory
#0 C:\xampp\htdocs\practica\app\Views\menu.php(16): CodeIgniter\Debug\Exceptions->errorHandler(2, 'include(css.php...', 'C:\\xampp\\htdocs...', 16)
#1 C:\xampp\htdocs\practica\app\Views\menu.php(16): include()
#2 C:\xampp\htdocs\practica\system\View\View.php(210): include('C:\\xampp\\htdocs...')
#3 C:\xampp\htdocs\practica\system\View\View.php(213): CodeIgniter\View\View->CodeIgniter\View\{closure}()
#4 C:\xampp\htdocs\practica\system\Common.php(1089): CodeIgniter\View\View->render('menu.php', Array, true)
#5 C:\xampp\htdocs\practica\app\Controllers\Home.php(9): view('menu.php')
#6 C:\xampp\htdocs\practica\system\CodeIgniter.php(832): App\Controllers\Home->index()
#7 C:\xampp\htdocs\practica\system\CodeIgniter.php(419): CodeIgniter\CodeIgniter->runController(Object(App\Controllers\Home))
#8 C:\xampp\htdocs\practica\system\CodeIgniter.php(326): CodeIgniter\CodeIgniter->handleRequest(NULL, Object(Config\Cache), false)
#9 C:\xampp\htdocs\practica\public\index.php(37): CodeIgniter\CodeIgniter->run()
#10 {main}
CRITICAL - 2022-05-14 00:11:16 --> include(css.php): Failed to open stream: No such file or directory
#0 C:\xampp\htdocs\practica\app\Views\menu.php(16): CodeIgniter\Debug\Exceptions->errorHandler(2, 'include(css.php...', 'C:\\xampp\\htdocs...', 16)
#1 C:\xampp\htdocs\practica\app\Views\menu.php(16): include()
#2 C:\xampp\htdocs\practica\system\View\View.php(210): include('C:\\xampp\\htdocs...')
#3 C:\xampp\htdocs\practica\system\View\View.php(213): CodeIgniter\View\View->CodeIgniter\View\{closure}()
#4 C:\xampp\htdocs\practica\system\Common.php(1089): CodeIgniter\View\View->render('menu.php', Array, true)
#5 C:\xampp\htdocs\practica\app\Controllers\Home.php(9): view('menu.php')
#6 C:\xampp\htdocs\practica\system\CodeIgniter.php(832): App\Controllers\Home->index()
#7 C:\xampp\htdocs\practica\system\CodeIgniter.php(419): CodeIgniter\CodeIgniter->runController(Object(App\Controllers\Home))
#8 C:\xampp\htdocs\practica\system\CodeIgniter.php(326): CodeIgniter\CodeIgniter->handleRequest(NULL, Object(Config\Cache), false)
#9 C:\xampp\htdocs\practica\public\index.php(37): CodeIgniter\CodeIgniter->run()
#10 {main}
